1563139078.531987 client started (48483): version 2.9a, socket /tmp//tmux-501/default, protocol 8
1563139078.532019 on Darwin 16.7.0 Darwin Kernel Version 16.7.0: Wed Feb 27 00:29:57 PST 2019; root:xnu-3789.73.43~1/RELEASE_X86_64; libevent 2.1.10-stable (select)
1563139078.532063 socket is /tmp//tmux-501/default
1563139078.532080 trying connect
1563139078.532192 add peer 0x7f9c4c001600: 6 (0x0)
1563139078.549964 sending message 100 to peer 0x7f9c4c001600 (4 bytes)
1563139078.550010 sending message 101 to peer 0x7f9c4c001600 (15 bytes)
1563139078.550018 sending message 102 to peer 0x7f9c4c001600 (13 bytes)
1563139078.550023 sending message 108 to peer 0x7f9c4c001600 (48 bytes)
1563139078.550035 sending message 104 to peer 0x7f9c4c001600 (0 bytes)
1563139078.550040 sending message 107 to peer 0x7f9c4c001600 (4 bytes)
1563139078.550045 sending message 105 to peer 0x7f9c4c001600 (76 bytes)
1563139078.550049 sending message 105 to peer 0x7f9c4c001600 (15 bytes)
1563139078.550053 sending message 105 to peer 0x7f9c4c001600 (20 bytes)
1563139078.550057 sending message 105 to peer 0x7f9c4c001600 (22 bytes)
1563139078.550062 sending message 105 to peer 0x7f9c4c001600 (75 bytes)
1563139078.550066 sending message 105 to peer 0x7f9c4c001600 (12 bytes)
1563139078.550070 sending message 105 to peer 0x7f9c4c001600 (22 bytes)
1563139078.550074 sending message 105 to peer 0x7f9c4c001600 (22 bytes)
1563139078.550079 sending message 105 to peer 0x7f9c4c001600 (61 bytes)
1563139078.550083 sending message 105 to peer 0x7f9c4c001600 (17 bytes)
1563139078.550087 sending message 105 to peer 0x7f9c4c001600 (8 bytes)
1563139078.550091 sending message 105 to peer 0x7f9c4c001600 (18 bytes)
1563139078.550096 sending message 105 to peer 0x7f9c4c001600 (32 bytes)
1563139078.550100 sending message 105 to peer 0x7f9c4c001600 (65 bytes)
1563139078.550104 sending message 105 to peer 0x7f9c4c001600 (47 bytes)
1563139078.550109 sending message 105 to peer 0x7f9c4c001600 (11 bytes)
1563139078.550113 sending message 105 to peer 0x7f9c4c001600 (298 bytes)
1563139078.550117 sending message 105 to peer 0x7f9c4c001600 (52 bytes)
1563139078.550122 sending message 105 to peer 0x7f9c4c001600 (24 bytes)
1563139078.550126 sending message 105 to peer 0x7f9c4c001600 (15 bytes)
1563139078.550130 sending message 105 to peer 0x7f9c4c001600 (8 bytes)
1563139078.550135 sending message 105 to peer 0x7f9c4c001600 (66 bytes)
1563139078.550139 sending message 105 to peer 0x7f9c4c001600 (14 bytes)
1563139078.550143 sending message 105 to peer 0x7f9c4c001600 (20 bytes)
1563139078.550147 sending message 105 to peer 0x7f9c4c001600 (23 bytes)
1563139078.550152 sending message 105 to peer 0x7f9c4c001600 (27 bytes)
1563139078.550156 sending message 105 to peer 0x7f9c4c001600 (60 bytes)
1563139078.550160 sending message 105 to peer 0x7f9c4c001600 (57 bytes)
1563139078.550164 sending message 105 to peer 0x7f9c4c001600 (35 bytes)
1563139078.550169 sending message 105 to peer 0x7f9c4c001600 (13 bytes)
1563139078.550173 sending message 105 to peer 0x7f9c4c001600 (15 bytes)
1563139078.550177 sending message 105 to peer 0x7f9c4c001600 (14 bytes)
1563139078.550181 sending message 105 to peer 0x7f9c4c001600 (19 bytes)
1563139078.550186 sending message 105 to peer 0x7f9c4c001600 (32 bytes)
1563139078.550190 sending message 105 to peer 0x7f9c4c001600 (22 bytes)
1563139078.550194 sending message 105 to peer 0x7f9c4c001600 (38 bytes)
1563139078.550198 sending message 105 to peer 0x7f9c4c001600 (21 bytes)
1563139078.550202 sending message 106 to peer 0x7f9c4c001600 (0 bytes)
1563139078.550213 sending message 200 to peer 0x7f9c4c001600 (4 bytes)
1563139078.550219 client loop enter
1563139078.550565 peer 0x7f9c4c001600 message 211
1563139078.550580 client_write: sessions should be nested with care, unset $TMUX to force\n
1563139078.550606 peer 0x7f9c4c001600 message 203
1563139078.550612 client loop exit
